INFO 2016-10-01 08:08:53,702 views 10461 123145312813056 로 깅 로 깅
INFO 2016-10-01 08:08:53,721 basehttp 10461 123145312813056 "GET /photos/ HTTP/1.1" 200 2042
INFO 2016-10-01 08:16:48,029 views 10467 123145312813056 로 깅 로 깅
WARNING 2016-10-01 08:16:48,029 views 10467 123145312813056 워 닝 워 닝
INFO 2016-10-01 08:16:48,046 basehttp 10467 123145312813056 "GET /photos/ HTTP/1.1" 200 2042
ERROR 2016-10-01 09:09:12,152 basehttp 10495 123145312813056 "GET /photos/ HTTP/1.1" 500 108118
INFO 2016-10-01 09:25:23,858 basehttp 10507 123145312813056 "GET /photos/ HTTP/1.1" 200 684
ERROR 2016-10-01 09:26:07,990 basehttp 10507 123145312813056 "GET /photos/create/ HTTP/1.1" 500 78908
ERROR 2016-10-01 09:26:08,917 basehttp 10507 123145312813056 "GET /photos/create/ HTTP/1.1" 500 78908
INFO 2016-10-01 09:27:46,231 basehttp 10507 123145312813056 "GET /photos/ HTTP/1.1" 200 684
WARNING 2016-10-01 09:27:47,256 basehttp 10507 123145312813056 "GET / HTTP/1.1" 404 2378
INFO 2016-10-01 09:27:47,926 basehttp 10507 123145312813056 "GET /login/?next=/photos/create/ HTTP/1.1" 200 490
WARNING 2016-10-01 09:27:49,948 basehttp 10507 123145312813056 "GET /logint HTTP/1.1" 404 2396
WARNING 2016-10-01 09:27:49,982 basehttp 10507 123145312813056 "GET /logint HTTP/1.1" 404 2396
INFO 2016-10-01 09:27:54,271 basehttp 10507 123145312813056 "GET /login/ HTTP/1.1" 200 490
INFO 2016-10-01 09:27:54,508 basehttp 10507 123145312813056 "GET /login HTTP/1.1" 301 0
INFO 2016-10-01 09:27:54,517 basehttp 10507 123145312813056 "GET /login/ HTTP/1.1" 200 490
INFO 2016-10-01 09:28:02,476 basehttp 10507 123145312813056 "POST /login/ HTTP/1.1" 200 641
INFO 2016-10-01 09:28:11,215 basehttp 10507 123145312813056 "POST /login/ HTTP/1.1" 200 641
INFO 2016-10-01 09:28:27,316 basehttp 10507 123145312813056 "POST /login/ HTTP/1.1" 302 0
ERROR 2016-10-01 09:28:27,399 basehttp 10507 123145312813056 "GET /photos/create/ HTTP/1.1" 500 79196
ERROR 2016-10-01 09:28:45,470 basehttp 10507 123145312813056 "GET /photos/create/ HTTP/1.1" 500 78908
INFO 2016-10-01 09:28:46,224 basehttp 10507 123145312813056 "GET /photos/ HTTP/1.1" 200 684
INFO 2016-10-01 09:28:46,883 basehttp 10507 123145312813056 "GET /photos HTTP/1.1" 301 0
INFO 2016-10-01 09:28:46,895 basehttp 10507 123145312813056 "GET /photos/ HTTP/1.1" 200 684
INFO 2016-10-01 09:37:59,695 basehttp 10521 123145312813056 "GET /photos/ HTTP/1.1" 200 2042
INFO 2016-10-01 09:38:03,236 basehttp 10521 123145312813056 "GET /photos/posts/27/ HTTP/1.1" 200 715
INFO 2016-10-01 09:38:03,250 basehttp 10521 123145312813056 "GET /uploads/2016/10/01/Unknown HTTP/1.1" 200 8969
INFO 2016-10-02 14:42:33,742 basehttp 10621 123145312813056 "GET /photos/ HTTP/1.1" 200 2042
ERROR 2016-10-02 14:42:36,406 basehttp 10621 123145312813056 "GET /photos/posts/27/ HTTP/1.1" 500 148780
INFO 2016-10-02 14:43:44,657 basehttp 10621 123145312813056 "GET /photos/posts/27/ HTTP/1.1" 200 803
INFO 2016-10-02 14:43:44,666 basehttp 10621 123145312813056 "GET /uploads/2016/10/01/Unknown HTTP/1.1" 304 0
INFO 2016-10-02 14:43:54,820 basehttp 10621 123145312813056 "GET /photos/posts/27/create_comment/ HTTP/1.1" 200 369
ERROR 2016-10-02 14:44:05,488 basehttp 10621 123145312813056 "POST /photos/posts/27/create_comment/ HTTP/1.1" 500 147015
INFO 2016-10-02 14:44:29,296 basehttp 10621 123145312813056 "GET /photos/posts/27/create_comment/ HTTP/1.1" 200 369
INFO 2016-10-02 14:44:30,833 basehttp 10621 123145312813056 "GET /photos/posts/27/ HTTP/1.1" 200 803
INFO 2016-10-02 14:44:30,846 basehttp 10621 123145312813056 "GET /uploads/2016/10/01/Unknown HTTP/1.1" 304 0
ERROR 2016-10-02 14:44:31,357 basehttp 10621 123145312813056 "GET /photos/posts/21/ HTTP/1.1" 500 126199
INFO 2016-10-02 14:44:31,599 basehttp 10621 123145312813056 "GET /photos/ HTTP/1.1" 200 2042
WARNING 2016-10-02 14:44:32,543 basehttp 10621 123145312813056 "GET / HTTP/1.1" 404 2378
WARNING 2016-10-02 14:44:33,889 basehttp 10621 123145312813056 "GET / HTTP/1.1" 404 2378
INFO 2016-10-02 14:44:35,420 basehttp 10621 123145312813056 "GET /login/?next=/photos/create/ HTTP/1.1" 200 490
INFO 2016-10-02 14:44:36,053 basehttp 10621 123145312813056 "GET /login/ HTTP/1.1" 200 490
INFO 2016-10-02 14:44:36,543 basehttp 10621 123145312813056 "GET /login/ HTTP/1.1" 200 490
INFO 2016-10-02 14:44:46,816 basehttp 10621 123145312813056 "POST /login/ HTTP/1.1" 302 0
INFO 2016-10-02 14:44:46,834 basehttp 10621 123145312813056 "GET /photos/create/ HTTP/1.1" 200 675
INFO 2016-10-02 14:44:58,355 basehttp 10621 123145312813056 "GET /photos/create/ HTTP/1.1" 200 675
INFO 2016-10-02 14:44:59,323 basehttp 10621 123145312813056 "GET /photos/ HTTP/1.1" 200 2042
INFO 2016-10-02 14:45:00,109 basehttp 10621 123145312813056 "GET /photos/ HTTP/1.1" 200 2042
INFO 2016-10-02 14:45:02,064 basehttp 10621 123145312813056 "GET /photos/posts/27/ HTTP/1.1" 200 803
INFO 2016-10-02 14:45:03,997 basehttp 10621 123145312813056 "GET /photos/posts/27/create_comment/ HTTP/1.1" 200 369
ERROR 2016-10-02 14:45:07,588 basehttp 10621 123145312813056 "POST /photos/posts/27/create_comment/ HTTP/1.1" 500 146789
INFO 2016-10-02 14:50:10,613 basehttp 10635 123145312813056 "GET /photos/ HTTP/1.1" 200 2042
INFO 2016-10-02 14:50:15,203 basehttp 10635 123145312813056 "GET /photos/posts/27/ HTTP/1.1" 200 803
ERROR 2016-10-02 14:50:28,225 basehttp 10635 123145312813056 "GET /photos/posts/26/ HTTP/1.1" 500 126337
INFO 2016-10-02 14:50:43,979 basehttp 10635 123145312813056 "GET /photos/posts/27/ HTTP/1.1" 200 803
INFO 2016-10-02 14:50:57,543 basehttp 10635 123145312813056 "GET /photos/ HTTP/1.1" 200 2042
INFO 2016-10-02 14:51:00,826 basehttp 10635 123145312813056 "GET /photos/posts/27/ HTTP/1.1" 200 803
INFO 2016-10-02 14:51:02,555 basehttp 10635 123145312813056 "GET /photos/posts/27/create_comment/ HTTP/1.1" 200 369
INFO 2016-10-02 14:57:43,057 basehttp 10635 123145312813056 "GET /photos/posts/27/create_comment/ HTTP/1.1" 200 369
INFO 2016-10-02 14:57:44,652 basehttp 10635 123145312813056 "GET /photos/posts/27/ HTTP/1.1" 200 753
ERROR 2016-10-02 14:57:45,071 basehttp 10635 123145312813056 "GET /photos/posts/2/ HTTP/1.1" 500 126195
WARNING 2016-10-02 14:57:45,215 basehttp 10635 123145312813056 "GET /photos/posts HTTP/1.1" 404 3332
INFO 2016-10-02 14:57:45,347 basehttp 10635 123145312813056 "GET /photos/posts/27/ HTTP/1.1" 200 753
INFO 2016-10-02 14:57:45,888 basehttp 10635 123145312813056 "GET /photos/ HTTP/1.1" 200 2042
INFO 2016-10-02 14:57:46,909 basehttp 10635 123145312813056 "GET /photos HTTP/1.1" 301 0
INFO 2016-10-02 14:57:46,923 basehttp 10635 123145312813056 "GET /photos/ HTTP/1.1" 200 2042
INFO 2016-10-02 14:57:49,691 basehttp 10635 123145312813056 "GET /photos/posts/27/ HTTP/1.1" 200 753
INFO 2016-10-02 14:57:57,518 basehttp 10635 123145312813056 "GET /photos/ HTTP/1.1" 200 2042
INFO 2016-10-02 15:02:08,036 basehttp 10635 123145312813056 "GET /photos/posts/27/ HTTP/1.1" 200 753
INFO 2016-10-02 15:02:51,233 basehttp 10635 123145312813056 "GET /photos/posts/27/ HTTP/1.1" 200 800
INFO 2016-10-04 01:00:25,791 basehttp 10696 123145312813056 "GET /photos/posts/27/ HTTP/1.1" 200 804
INFO 2016-10-04 01:00:25,839 basehttp 10696 123145312813056 "GET /uploads/2016/10/01/Unknown HTTP/1.1" 304 0
INFO 2016-10-04 01:00:46,820 basehttp 10696 123145312813056 "GET /photos/posts/27/ HTTP/1.1" 200 808
ERROR 2016-10-04 01:00:48,968 basehttp 10696 123145312813056 "GET /photos/add_like/ HTTP/1.1" 500 65665
ERROR 2016-10-04 01:01:32,714 basehttp 10696 123145312813056 "GET /photos/posts/27/ HTTP/1.1" 500 129508
WARNING 2016-10-04 01:02:23,880 basehttp 10696 123145312813056 "GET /photos/posts/27/add_like/ HTTP/1.1" 404 3554
INFO 2016-10-04 01:05:52,821 basehttp 10698 123145312813056 "GET /photos/posts/27/ HTTP/1.1" 200 817
INFO 2016-10-04 01:05:55,953 basehttp 10698 123145312813056 "GET /photos/posts/27/add_like/ HTTP/1.1" 302 0
INFO 2016-10-04 01:05:55,968 basehttp 10698 123145312813056 "GET /photos/posts/27/ HTTP/1.1" 200 817
INFO 2016-10-04 01:06:05,461 basehttp 10698 123145312813056 "GET /photos/posts/27/ HTTP/1.1" 200 817
INFO 2016-10-04 01:06:17,582 basehttp 10698 123145312813056 "GET /photos/ HTTP/1.1" 200 2042
INFO 2016-10-04 01:06:19,307 basehttp 10698 123145312813056 "GET /photos/posts/27/ HTTP/1.1" 200 817
INFO 2016-10-04 01:06:21,366 basehttp 10698 123145312813056 "GET /photos/posts/27/add_like/ HTTP/1.1" 302 0
INFO 2016-10-04 01:06:21,377 basehttp 10698 123145312813056 "GET /photos/posts/27/ HTTP/1.1" 200 817
INFO 2016-10-04 01:07:46,560 basehttp 10699 123145312813056 "GET /photos/ HTTP/1.1" 200 2042
INFO 2016-10-04 01:07:48,183 basehttp 10699 123145312813056 "GET /photos/posts/27/ HTTP/1.1" 200 817
INFO 2016-10-04 01:07:49,575 basehttp 10699 123145312813056 "GET /photos/posts/27/add_like/ HTTP/1.1" 302 0
INFO 2016-10-04 01:07:49,589 basehttp 10699 123145312813056 "GET /photos/posts/27/ HTTP/1.1" 200 817
INFO 2016-10-04 01:10:39,601 basehttp 10702 123145312813056 "GET /photos/ HTTP/1.1" 200 2042
INFO 2016-10-04 01:10:41,653 basehttp 10702 123145312813056 "GET /photos/posts/27/ HTTP/1.1" 200 817
INFO 2016-10-04 01:10:43,384 basehttp 10702 123145312813056 "GET /photos/posts/27/add_like/ HTTP/1.1" 302 0
INFO 2016-10-04 01:10:43,397 basehttp 10702 123145312813056 "GET /photos/posts/27/ HTTP/1.1" 200 817
INFO 2016-10-04 01:14:07,622 basehttp 10705 123145312813056 "GET /photos/ HTTP/1.1" 200 2042
INFO 2016-10-04 01:14:09,155 basehttp 10705 123145312813056 "GET /photos/posts/27/ HTTP/1.1" 200 817
ERROR 2016-10-04 01:14:11,074 basehttp 10705 123145312813056 "GET /photos/posts/27/add_like/ HTTP/1.1" 500 69348
INFO 2016-10-04 01:14:22,077 basehttp 10705 123145312813056 "GET /photos/ HTTP/1.1" 200 2042
INFO 2016-10-04 01:14:56,512 basehttp 10706 123145312813056 "GET /photos/posts/27/ HTTP/1.1" 200 817
ERROR 2016-10-04 01:14:58,102 basehttp 10706 123145312813056 "GET /photos/posts/27/add_like/ HTTP/1.1" 500 142612
ERROR 2016-10-04 01:15:08,183 basehttp 10706 123145312813056 "GET /photos/posts/27/add_like/ HTTP/1.1" 500 142453
INFO 2016-10-04 01:15:09,088 basehttp 10706 123145312813056 "GET /photos/posts/27/ HTTP/1.1" 200 817
INFO 2016-10-04 01:15:09,101 basehttp 10706 123145312813056 "GET /uploads/2016/10/01/Unknown HTTP/1.1" 304 0
INFO 2016-10-04 01:15:09,515 basehttp 10706 123145312813056 "GET /photos/posts/27/ HTTP/1.1" 200 817
INFO 2016-10-04 01:15:09,853 basehttp 10706 123145312813056 "GET /photos/ HTTP/1.1" 200 2042
WARNING 2016-10-04 01:15:10,564 basehttp 10706 123145312813056 "GET / HTTP/1.1" 404 2378
INFO 2016-10-04 01:15:11,232 basehttp 10706 123145312813056 "GET /login/?next=/photos/create/ HTTP/1.1" 200 490
INFO 2016-10-04 01:15:12,591 basehttp 10706 123145312813056 "GET /login/?next=/photos/create/ HTTP/1.1" 200 490
INFO 2016-10-04 01:15:14,202 basehttp 10706 123145312813056 "GET /login/ HTTP/1.1" 200 490
INFO 2016-10-04 01:15:14,762 basehttp 10706 123145312813056 "GET /login/ HTTP/1.1" 200 490
INFO 2016-10-04 01:15:20,089 basehttp 10706 123145312813056 "POST /login/ HTTP/1.1" 302 0
INFO 2016-10-04 01:15:20,103 basehttp 10706 123145312813056 "GET /photos/create/ HTTP/1.1" 200 675
INFO 2016-10-04 01:15:26,609 basehttp 10706 123145312813056 "GET /photos/create/ HTTP/1.1" 200 675
INFO 2016-10-04 01:15:27,432 basehttp 10706 123145312813056 "GET /photos/ HTTP/1.1" 200 2042
INFO 2016-10-04 01:15:28,227 basehttp 10706 123145312813056 "GET /photos HTTP/1.1" 301 0
INFO 2016-10-04 01:15:28,240 basehttp 10706 123145312813056 "GET /photos/ HTTP/1.1" 200 2042
INFO 2016-10-04 01:15:30,239 basehttp 10706 123145312813056 "GET /photos/posts/27/ HTTP/1.1" 200 817
ERROR 2016-10-04 01:15:31,889 basehttp 10706 123145312813056 "GET /photos/posts/27/add_like/ HTTP/1.1" 500 142612
INFO 2016-10-04 01:16:15,299 basehttp 10720 123145312813056 "GET /photos/ HTTP/1.1" 200 2042
INFO 2016-10-04 01:16:16,883 basehttp 10720 123145312813056 "GET /photos/posts/27/ HTTP/1.1" 200 817
ERROR 2016-10-04 01:16:18,777 basehttp 10720 123145312813056 "GET /photos/posts/27/add_like/ HTTP/1.1" 500 137694
INFO 2016-10-04 01:24:04,280 basehttp 10723 123145312813056 "GET /photos/posts/27/add_like/ HTTP/1.1" 302 0
INFO 2016-10-04 01:24:04,299 basehttp 10723 123145312813056 "GET /photos/posts/27/ HTTP/1.1" 200 817
INFO 2016-10-04 01:24:05,368 basehttp 10723 123145312813056 "GET /photos/posts/27/ HTTP/1.1" 200 817
INFO 2016-10-04 01:24:05,774 basehttp 10723 123145312813056 "GET /photos/posts/27/ HTTP/1.1" 200 817
INFO 2016-10-04 01:24:06,356 basehttp 10723 123145312813056 "GET /photos/ HTTP/1.1" 200 2042
INFO 2016-10-04 01:24:06,987 basehttp 10723 123145312813056 "GET /photos HTTP/1.1" 301 0
INFO 2016-10-04 01:24:07,001 basehttp 10723 123145312813056 "GET /photos/ HTTP/1.1" 200 2042
INFO 2016-10-04 01:24:08,773 basehttp 10723 123145312813056 "GET /photos/posts/27/ HTTP/1.1" 200 817
INFO 2016-10-04 01:24:16,606 basehttp 10723 123145312813056 "GET /photos/posts/27/add_like/ HTTP/1.1" 302 0
INFO 2016-10-04 01:24:16,624 basehttp 10723 123145312813056 "GET /photos/posts/27/ HTTP/1.1" 200 817
INFO 2016-10-04 01:24:22,462 basehttp 10723 123145312813056 "GET /photos/ HTTP/1.1" 200 2042
INFO 2016-10-04 01:24:24,015 basehttp 10723 123145312813056 "GET /photos/?page=2 HTTP/1.1" 200 2039
INFO 2016-10-04 01:24:25,023 basehttp 10723 123145312813056 "GET /photos/?page=1 HTTP/1.1" 200 2042
INFO 2016-10-04 01:24:25,865 basehttp 10723 123145312813056 "GET /photos/posts/27/ HTTP/1.1" 200 817
INFO 2016-10-04 01:24:27,888 basehttp 10723 123145312813056 "GET /photos/posts/27/add_like/ HTTP/1.1" 302 0
INFO 2016-10-04 01:24:27,902 basehttp 10723 123145312813056 "GET /photos/posts/27/ HTTP/1.1" 200 817
INFO 2016-10-04 01:25:09,144 basehttp 10723 123145312813056 "GET /photos/ HTTP/1.1" 200 2042
INFO 2016-10-04 01:30:09,655 basehttp 10733 123145312813056 "GET /photos/ HTTP/1.1" 200 2042
ERROR 2016-10-04 01:36:53,119 basehttp 10737 123145312813056 "GET /photos/ HTTP/1.1" 500 126318
ERROR 2016-10-04 01:37:19,448 basehttp 10737 123145312813056 "GET /photos/ HTTP/1.1" 500 126440
INFO 2016-10-04 01:38:00,471 basehttp 10737 123145312813056 "GET /photos/ HTTP/1.1" 200 2115
INFO 2016-10-04 02:08:23,522 basehttp 10744 123145312813056 "GET /photos/ HTTP/1.1" 200 2115
INFO 2016-10-04 02:08:26,346 basehttp 10744 123145312813056 "GET /photos/posts/27/ HTTP/1.1" 200 817
ERROR 2016-10-04 02:08:28,014 basehttp 10744 123145312813056 "GET /photos/posts/27/add_like/ HTTP/1.1" 500 78183
INFO 2016-10-04 02:14:25,615 basehttp 10750 123145312813056 "GET /photos/posts/27/ HTTP/1.1" 200 817
INFO 2016-10-04 02:14:25,930 basehttp 10750 123145312813056 "GET /photos/posts/27/ HTTP/1.1" 200 817
INFO 2016-10-04 02:14:26,630 basehttp 10750 123145312813056 "GET /photos/ HTTP/1.1" 200 2115
INFO 2016-10-04 02:14:28,027 basehttp 10750 123145312813056 "GET /photos/ HTTP/1.1" 200 2115
INFO 2016-10-04 02:14:30,564 basehttp 10750 123145312813056 "GET /photos/posts/27/ HTTP/1.1" 200 817
ERROR 2016-10-04 02:14:32,084 basehttp 10750 123145312813056 "GET /photos/posts/27/add_like/ HTTP/1.1" 500 78140
INFO 2016-10-04 02:41:38,797 basehttp 10768 123145312813056 "GET /photos/ HTTP/1.1" 200 2115
INFO 2016-10-04 02:41:41,270 basehttp 10768 123145312813056 "GET /photos/posts/27/ HTTP/1.1" 200 817
ERROR 2016-10-04 02:41:43,088 basehttp 10768 123145312813056 "GET /photos/posts/27/add_like/ HTTP/1.1" 500 78306
ERROR 2016-10-04 02:42:58,716 basehttp 10773 123145312813056 "GET /photos/posts/27/add_like/ HTTP/1.1" 500 77975
INFO 2016-10-04 02:42:59,755 basehttp 10773 123145312813056 "GET /photos/posts/27/ HTTP/1.1" 200 817
ERROR 2016-10-04 02:43:00,146 basehttp 10773 123145312813056 "GET /photos/posts/2/ HTTP/1.1" 500 126393
INFO 2016-10-04 02:43:00,166 basehttp 10773 123145312813056 "GET /photos/posts/27/ HTTP/1.1" 200 817
WARNING 2016-10-04 02:43:00,287 basehttp 10773 123145312813056 "GET /photos/posts HTTP/1.1" 404 3542
INFO 2016-10-04 02:43:00,427 basehttp 10773 123145312813056 "GET /photos/posts/27/ HTTP/1.1" 200 817
INFO 2016-10-04 02:43:01,062 basehttp 10773 123145312813056 "GET /photos/ HTTP/1.1" 200 2115
INFO 2016-10-04 02:43:01,989 basehttp 10773 123145312813056 "GET /photos HTTP/1.1" 301 0
INFO 2016-10-04 02:43:02,006 basehttp 10773 123145312813056 "GET /photos/ HTTP/1.1" 200 2115
INFO 2016-10-04 02:43:05,621 basehttp 10773 123145312813056 "GET /photos/posts/27/ HTTP/1.1" 200 817
WARNING 2016-10-04 02:45:15,141 basehttp 10773 123145312813056 "GET / HTTP/1.1" 404 2378
WARNING 2016-10-04 02:45:16,066 basehttp 10773 123145312813056 "GET /create HTTP/1.1" 404 2396
WARNING 2016-10-04 02:45:20,527 basehttp 10773 123145312813056 "GET /create HTTP/1.1" 404 2396
WARNING 2016-10-04 02:45:21,360 basehttp 10773 123145312813056 "GET / HTTP/1.1" 404 2378
INFO 2016-10-04 02:45:22,488 basehttp 10773 123145312813056 "GET /photos/ HTTP/1.1" 200 2115
WARNING 2016-10-04 02:45:22,630 basehttp 10773 123145312813056 "GET /posts/20/ HTTP/1.1" 404 2405
WARNING 2016-10-04 02:45:24,201 basehttp 10773 123145312813056 "GET /posts/20/ HTTP/1.1" 404 2405
WARNING 2016-10-04 02:45:28,395 basehttp 10773 123145312813056 "GET /posts HTTP/1.1" 404 2393
WARNING 2016-10-04 02:45:28,565 basehttp 10773 123145312813056 "GET /posts/20/ HTTP/1.1" 404 2405
WARNING 2016-10-04 02:45:30,353 basehttp 10773 123145312813056 "GET /posts HTTP/1.1" 404 2393
WARNING 2016-10-04 02:45:30,370 basehttp 10773 123145312813056 "GET /posts HTTP/1.1" 404 2393
WARNING 2016-10-04 02:45:33,492 basehttp 10773 123145312813056 "GET /posts/20/ HTTP/1.1" 404 2405
WARNING 2016-10-04 02:45:34,068 basehttp 10773 123145312813056 "GET /post HTTP/1.1" 404 2390
INFO 2016-10-04 02:45:47,487 basehttp 10773 123145312813056 "GET /photos/ HTTP/1.1" 200 2115
INFO 2016-10-04 02:45:48,868 basehttp 10773 123145312813056 "GET /photos/ HTTP/1.1" 200 2115
INFO 2016-10-04 02:45:55,548 basehttp 10773 123145312813056 "GET /photos/create/ HTTP/1.1" 200 675
INFO 2016-10-04 02:45:56,219 basehttp 10773 123145312813056 "GET /photos/create/ HTTP/1.1" 200 675
INFO 2016-10-04 02:46:24,257 basehttp 10773 123145312813056 "POST /photos/create/ HTTP/1.1" 302 0
INFO 2016-10-04 02:46:24,273 basehttp 10773 123145312813056 "GET /photos/posts/28/ HTTP/1.1" 200 827
INFO 2016-10-04 02:46:24,284 basehttp 10773 123145312813056 "GET /uploads/2016/10/04/Unknown HTTP/1.1" 200 8969
INFO 2016-10-04 02:46:30,129 basehttp 10773 123145312813056 "GET /photos/ HTTP/1.1" 200 2127
INFO 2016-10-04 02:46:32,559 basehttp 10773 123145312813056 "GET /photos/posts/28/ HTTP/1.1" 200 827
INFO 2016-10-04 02:46:32,567 basehttp 10773 123145312813056 "GET /uploads/2016/10/04/Unknown HTTP/1.1" 304 0
ERROR 2016-10-04 02:46:34,060 basehttp 10773 123145312813056 "GET /photos/posts/28/add_like/ HTTP/1.1" 500 78133
ERROR 2016-10-04 02:47:11,579 basehttp 10773 123145312813056 "GET /photos/posts/28/add_like/ HTTP/1.1" 500 77975
INFO 2016-10-04 02:47:12,628 basehttp 10773 123145312813056 "GET /photos/posts/28/ HTTP/1.1" 200 827
INFO 2016-10-04 02:47:12,639 basehttp 10773 123145312813056 "GET /uploads/2016/10/04/Unknown HTTP/1.1" 304 0
INFO 2016-10-04 02:47:13,052 basehttp 10773 123145312813056 "GET /photos/posts/27/ HTTP/1.1" 200 817
INFO 2016-10-04 02:47:13,607 basehttp 10773 123145312813056 "GET /photos/ HTTP/1.1" 200 2127
INFO 2016-10-04 02:47:14,176 basehttp 10773 123145312813056 "GET /photos/ HTTP/1.1" 200 2127
INFO 2016-10-04 02:47:15,814 basehttp 10773 123145312813056 "GET /photos/posts/28/ HTTP/1.1" 200 827
INFO 2016-10-04 02:47:15,821 basehttp 10773 123145312813056 "GET /uploads/2016/10/04/Unknown HTTP/1.1" 304 0
INFO 2016-10-04 02:57:38,181 basehttp 10803 123145312813056 "GET /photos/ HTTP/1.1" 200 2127
INFO 2016-10-04 02:57:40,589 basehttp 10803 123145312813056 "GET /photos/posts/28/ HTTP/1.1" 200 827
INFO 2016-10-04 02:57:40,597 basehttp 10803 123145312813056 "GET /uploads/2016/10/04/Unknown HTTP/1.1" 304 0
ERROR 2016-10-04 02:57:44,370 basehttp 10803 123145312813056 "GET /photos/posts/28/add_like/ HTTP/1.1" 500 77921
INFO 2016-10-04 02:59:53,117 basehttp 10810 123145312813056 "GET /photos/ HTTP/1.1" 200 2127
INFO 2016-10-04 02:59:54,865 basehttp 10810 123145312813056 "GET /photos/posts/28/ HTTP/1.1" 200 827
INFO 2016-10-04 02:59:54,874 basehttp 10810 123145312813056 "GET /uploads/2016/10/04/Unknown HTTP/1.1" 304 0
INFO 2016-10-04 02:59:56,242 basehttp 10810 123145312813056 "GET /photos/posts/28/add_like/ HTTP/1.1" 302 0
INFO 2016-10-04 02:59:56,254 basehttp 10810 123145312813056 "GET /photos/posts/28/ HTTP/1.1" 200 827
INFO 2016-10-04 03:02:48,083 basehttp 10817 123145312813056 "GET /photos/posts/28/ HTTP/1.1" 200 827
INFO 2016-10-04 03:02:48,094 basehttp 10817 123145312813056 "GET /uploads/2016/10/04/Unknown HTTP/1.1" 304 0
ERROR 2016-10-04 03:02:48,476 basehttp 10817 123145312813056 "GET /photos/posts/2/ HTTP/1.1" 500 126393
INFO 2016-10-04 03:02:48,483 basehttp 10817 123145318068224 "GET /photos/posts/27/ HTTP/1.1" 200 817
WARNING 2016-10-04 03:02:48,604 basehttp 10817 123145312813056 "GET /photos/posts HTTP/1.1" 404 3542
INFO 2016-10-04 03:02:48,731 basehttp 10817 123145312813056 "GET /photos/posts/27/ HTTP/1.1" 200 817
INFO 2016-10-04 03:02:49,373 basehttp 10817 123145312813056 "GET /photos/ HTTP/1.1" 200 2127
INFO 2016-10-04 03:02:49,581 basehttp 10817 123145312813056 "GET /photos/ HTTP/1.1" 200 2127
INFO 2016-10-04 03:02:51,500 basehttp 10817 123145312813056 "GET /photos/posts/28/ HTTP/1.1" 200 827
INFO 2016-10-04 03:02:51,507 basehttp 10817 123145312813056 "GET /uploads/2016/10/04/Unknown HTTP/1.1" 304 0
INFO 2016-10-04 03:02:53,111 basehttp 10817 123145312813056 "GET /photos/posts/28/add_like/ HTTP/1.1" 302 0
INFO 2016-10-04 03:02:53,124 basehttp 10817 123145312813056 "GET /photos/posts/28/ HTTP/1.1" 200 827
INFO 2016-10-04 03:03:05,712 basehttp 10817 123145312813056 "GET /photos/posts/28/ HTTP/1.1" 200 827
INFO 2016-10-04 03:03:06,478 basehttp 10817 123145312813056 "GET /photos/posts/27/ HTTP/1.1" 200 817
INFO 2016-10-04 03:03:06,925 basehttp 10817 123145312813056 "GET /photos/ HTTP/1.1" 200 2127
INFO 2016-10-04 03:03:07,527 basehttp 10817 123145312813056 "GET /photos/ HTTP/1.1" 200 2127
INFO 2016-10-04 03:03:09,576 basehttp 10817 123145312813056 "GET /photos/posts/27/ HTTP/1.1" 200 817
INFO 2016-10-04 03:03:12,835 basehttp 10817 123145312813056 "GET /photos/posts/28/ HTTP/1.1" 200 827
INFO 2016-10-04 03:03:14,279 basehttp 10817 123145312813056 "GET /photos/posts/28/add_like/ HTTP/1.1" 302 0
INFO 2016-10-04 03:03:14,291 basehttp 10817 123145312813056 "GET /photos/posts/28/ HTTP/1.1" 200 827
INFO 2016-10-04 03:03:24,639 basehttp 10817 123145312813056 "GET /photos/posts/28/add_like/ HTTP/1.1" 302 0
INFO 2016-10-04 03:03:24,651 basehttp 10817 123145312813056 "GET /photos/posts/28/ HTTP/1.1" 200 827
INFO 2016-10-04 03:04:04,383 basehttp 10830 123145312813056 "GET /photos/posts/28/add_like/ HTTP/1.1" 302 0
INFO 2016-10-04 03:04:04,400 basehttp 10830 123145312813056 "GET /photos/posts/28/ HTTP/1.1" 200 827
INFO 2016-10-04 03:04:20,232 basehttp 10830 123145312813056 "GET /photos/posts/28/add_like/ HTTP/1.1" 302 0
INFO 2016-10-04 03:04:20,245 basehttp 10830 123145312813056 "GET /photos/posts/28/ HTTP/1.1" 200 827
INFO 2016-10-04 03:05:16,698 basehttp 10831 123145312813056 "GET /photos/posts/28/ HTTP/1.1" 200 827
INFO 2016-10-04 03:05:16,707 basehttp 10831 123145312813056 "GET /uploads/2016/10/04/Unknown HTTP/1.1" 304 0
ERROR 2016-10-04 03:05:18,031 basehttp 10831 123145312813056 "GET /photos/posts/28/add_like/ HTTP/1.1" 500 69796
INFO 2016-10-04 03:05:42,190 basehttp 10831 123145312813056 "GET /photos/ HTTP/1.1" 200 2127
INFO 2016-10-04 05:04:56,792 basehttp 10832 123145312813056 "GET /photos/posts/28/ HTTP/1.1" 200 827
INFO 2016-10-04 05:04:56,800 basehttp 10832 123145312813056 "GET /uploads/2016/10/04/Unknown HTTP/1.1" 304 0
INFO 2016-10-04 05:04:58,291 basehttp 10832 123145312813056 "GET /photos/posts/28/add_like/ HTTP/1.1" 302 0
INFO 2016-10-04 05:04:58,305 basehttp 10832 123145312813056 "GET /photos/posts/28/ HTTP/1.1" 200 827
INFO 2016-10-04 05:05:06,224 basehttp 10832 123145312813056 "GET /photos/posts/28/ HTTP/1.1" 200 827
INFO 2016-10-04 05:05:10,346 basehttp 10832 123145312813056 "GET /photos/posts/28/add_like/ HTTP/1.1" 302 0
INFO 2016-10-04 05:05:10,359 basehttp 10832 123145312813056 "GET /photos/posts/28/ HTTP/1.1" 200 827
INFO 2016-10-04 05:05:15,474 basehttp 10832 123145312813056 "GET /photos/ HTTP/1.1" 200 2127
INFO 2016-10-04 05:05:17,874 basehttp 10832 123145312813056 "GET /photos/posts/28/ HTTP/1.1" 200 827
INFO 2016-10-04 05:05:19,119 basehttp 10832 123145312813056 "GET /photos/ HTTP/1.1" 200 2127
INFO 2016-10-04 05:17:36,154 basehttp 10842 123145312813056 "GET /photos/posts/28/ HTTP/1.1" 200 827
INFO 2016-10-04 05:17:37,908 basehttp 10842 123145312813056 "GET /photos/posts/28/add_like/ HTTP/1.1" 302 0
INFO 2016-10-04 05:17:37,925 basehttp 10842 123145312813056 "GET /photos/posts/28/ HTTP/1.1" 200 827
INFO 2016-10-04 05:17:41,078 basehttp 10842 123145312813056 "GET /photos/posts/28/add_like/ HTTP/1.1" 302 0
INFO 2016-10-04 05:17:41,090 basehttp 10842 123145312813056 "GET /photos/posts/28/ HTTP/1.1" 200 827
INFO 2016-10-04 05:17:54,263 basehttp 10842 123145312813056 "GET /photos/ HTTP/1.1" 200 2127
INFO 2016-10-04 05:17:56,071 basehttp 10842 123145312813056 "GET /photos/posts/28/ HTTP/1.1" 200 827
INFO 2016-10-04 05:17:59,189 basehttp 10842 123145312813056 "GET /photos/posts/28/add_like/ HTTP/1.1" 302 0
INFO 2016-10-04 05:17:59,200 basehttp 10842 123145312813056 "GET /photos/posts/28/ HTTP/1.1" 200 827
INFO 2016-10-04 05:18:08,260 basehttp 10842 123145312813056 "GET /photos/posts/28/ HTTP/1.1" 200 827
INFO 2016-10-04 05:18:08,274 basehttp 10842 123145312813056 "GET /uploads/2016/10/04/Unknown HTTP/1.1" 304 0
ERROR 2016-10-04 05:18:08,561 basehttp 10842 123145312813056 "GET /photos/posts/2/ HTTP/1.1" 500 126393
INFO 2016-10-04 05:18:08,576 basehttp 10842 123145318068224 "GET /photos/posts/27/ HTTP/1.1" 200 817
INFO 2016-10-04 05:18:08,799 basehttp 10842 123145312813056 "GET /photos/posts/27/ HTTP/1.1" 200 817
INFO 2016-10-04 05:18:09,388 basehttp 10842 123145312813056 "GET /photos/ HTTP/1.1" 200 2127
INFO 2016-10-04 05:18:10,079 basehttp 10842 123145312813056 "GET /photos/ HTTP/1.1" 200 2127
INFO 2016-10-04 05:31:47,445 basehttp 10919 123145312813056 "GET /photos/ HTTP/1.1" 200 2127
INFO 2016-10-04 05:31:49,701 basehttp 10919 123145312813056 "GET /photos/posts/28/ HTTP/1.1" 200 827
INFO 2016-10-04 05:31:49,710 basehttp 10919 123145312813056 "GET /uploads/2016/10/04/Unknown HTTP/1.1" 304 0
INFO 2016-10-04 05:31:51,480 basehttp 10919 123145312813056 "GET /photos/posts/28/add_like/ HTTP/1.1" 302 0
WARNING 2016-10-04 05:31:51,491 basehttp 10919 123145312813056 "GET /photos/posts/28/add_like/like_impossible.html HTTP/1.1" 404 3641
WARNING 2016-10-04 05:35:56,334 basehttp 10923 123145312813056 "GET /photos/posts/28/add_like/like_impossible.html HTTP/1.1" 404 3874
INFO 2016-10-04 05:35:58,359 basehttp 10923 123145312813056 "GET /photos/posts/28/add_like/ HTTP/1.1" 302 0
WARNING 2016-10-04 05:35:58,370 basehttp 10923 123145312813056 "GET /photos/posts/28/add_like/like_impossible.html HTTP/1.1" 404 3874
WARNING 2016-10-04 05:35:58,517 basehttp 10923 123145312813056 "GET /photos/posts/28/add_like/like_impossible.html HTTP/1.1" 404 3874
INFO 2016-10-04 05:35:59,125 basehttp 10923 123145312813056 "GET /photos/posts/28/ HTTP/1.1" 200 827
INFO 2016-10-04 05:35:59,137 basehttp 10923 123145312813056 "GET /uploads/2016/10/04/Unknown HTTP/1.1" 304 0
INFO 2016-10-04 05:35:59,546 basehttp 10923 123145312813056 "GET /photos/posts/27/ HTTP/1.1" 200 817
INFO 2016-10-04 05:35:59,868 basehttp 10923 123145312813056 "GET /photos/ HTTP/1.1" 200 2127
INFO 2016-10-04 05:36:00,971 basehttp 10923 123145312813056 "GET /photos HTTP/1.1" 301 0
INFO 2016-10-04 05:36:00,989 basehttp 10923 123145312813056 "GET /photos/ HTTP/1.1" 200 2127
INFO 2016-10-04 05:36:03,498 basehttp 10923 123145312813056 "GET /photos/posts/28/ HTTP/1.1" 200 827
INFO 2016-10-04 05:36:04,794 basehttp 10923 123145312813056 "GET /photos/posts/28/add_like/ HTTP/1.1" 302 0
WARNING 2016-10-04 05:36:04,803 basehttp 10923 123145312813056 "GET /photos/posts/28/add_like/like_impossible.html HTTP/1.1" 404 3874
INFO 2016-10-04 05:38:21,970 basehttp 10923 123145312813056 "GET /photos/ HTTP/1.1" 200 2127
INFO 2016-10-04 05:38:23,905 basehttp 10923 123145312813056 "GET /photos/posts/28/ HTTP/1.1" 200 827
INFO 2016-10-04 05:38:25,455 basehttp 10923 123145312813056 "GET /photos/posts/28/create_comment/ HTTP/1.1" 200 369
ERROR 2016-10-04 05:39:19,205 basehttp 10934 123145312813056 "GET /photos/posts/28/create_comment/ HTTP/1.1" 500 84744
INFO 2016-10-04 05:39:20,743 basehttp 10934 123145312813056 "GET /photos/posts/28/ HTTP/1.1" 200 827
INFO 2016-10-04 05:39:21,157 basehttp 10934 123145312813056 "GET /photos/posts/27/ HTTP/1.1" 200 817
INFO 2016-10-04 05:39:21,626 basehttp 10934 123145312813056 "GET /photos/ HTTP/1.1" 200 2127
INFO 2016-10-04 05:39:22,111 basehttp 10934 123145312813056 "GET /photos/ HTTP/1.1" 200 2127
INFO 2016-10-04 05:39:24,174 basehttp 10934 123145312813056 "GET /photos/posts/28/ HTTP/1.1" 200 827
ERROR 2016-10-04 05:39:26,718 basehttp 10934 123145312813056 "GET /photos/posts/28/create_comment/ HTTP/1.1" 500 84902
ERROR 2016-10-04 05:39:44,052 basehttp 10934 123145312813056 "GET /photos/posts/28/add_like/ HTTP/1.1" 500 88977
INFO 2016-10-04 05:42:03,405 basehttp 10944 123145312813056 "GET /photos/posts/28/add_like/ HTTP/1.1" 200 200
INFO 2016-10-04 05:42:03,416 basehttp 10944 123145312813056 "GET /static/like_impossible.js HTTP/1.1" 200 89
INFO 2016-10-04 05:42:03,903 basehttp 10944 123145312813056 "GET /photos/posts/28/add_like/ HTTP/1.1" 200 200
INFO 2016-10-04 05:42:04,064 basehttp 10944 123145312813056 "GET /photos/posts/28/add_like/ HTTP/1.1" 200 200
INFO 2016-10-04 05:42:04,243 basehttp 10944 123145312813056 "GET /photos/posts/28/add_like/ HTTP/1.1" 200 200
INFO 2016-10-04 05:42:04,493 basehttp 10944 123145312813056 "GET /photos/posts/28/ HTTP/1.1" 200 827
INFO 2016-10-04 05:42:04,908 basehttp 10944 123145312813056 "GET /photos/posts/27/ HTTP/1.1" 200 817
INFO 2016-10-04 05:42:05,543 basehttp 10944 123145312813056 "GET /photos/ HTTP/1.1" 200 2127
INFO 2016-10-04 05:42:06,123 basehttp 10944 123145312813056 "GET /photos/ HTTP/1.1" 200 2127
INFO 2016-10-04 05:42:08,378 basehttp 10944 123145312813056 "GET /photos/posts/28/ HTTP/1.1" 200 827
INFO 2016-10-04 05:42:09,820 basehttp 10944 123145312813056 "GET /photos/posts/28/add_like/ HTTP/1.1" 200 200
INFO 2016-10-04 05:42:21,200 basehttp 10944 123145312813056 "GET /photos/posts/28/add_like/ HTTP/1.1" 200 200
INFO 2016-10-04 05:42:21,464 basehttp 10944 123145312813056 "GET /photos/posts/28/add_like/ HTTP/1.1" 200 200
INFO 2016-10-04 05:42:21,607 basehttp 10944 123145312813056 "GET /photos/posts/28/add_like/ HTTP/1.1" 200 200
INFO 2016-10-04 05:42:21,875 basehttp 10944 123145312813056 "GET /photos/posts/28/add_like/ HTTP/1.1" 200 200
INFO 2016-10-04 05:42:22,020 basehttp 10944 123145312813056 "GET /photos/posts/28/add_like/ HTTP/1.1" 200 200
INFO 2016-10-04 05:42:22,203 basehttp 10944 123145312813056 "GET /photos/posts/28/add_like/ HTTP/1.1" 200 200
INFO 2016-10-04 05:42:22,410 basehttp 10944 123145312813056 "GET /photos/posts/28/ HTTP/1.1" 200 827
INFO 2016-10-04 05:42:22,967 basehttp 10944 123145312813056 "GET /photos/posts/28/ HTTP/1.1" 200 827
INFO 2016-10-04 05:45:36,643 basehttp 10964 123145312813056 "GET /photos/posts/28/add_like/ HTTP/1.1" 200 200
INFO 2016-10-04 05:45:36,651 basehttp 10964 123145312813056 "GET /static/like_impossible.js HTTP/1.1" 304 0
INFO 2016-10-04 05:45:43,495 basehttp 10964 123145312813056 "GET /photos/posts/28/add_like/ HTTP/1.1" 200 200
INFO 2016-10-04 05:45:43,506 basehttp 10964 123145312813056 "GET /static/like_impossible.js HTTP/1.1" 304 0
INFO 2016-10-04 05:45:43,755 basehttp 10964 123145312813056 "GET /photos/posts/28/add_like/ HTTP/1.1" 200 200
INFO 2016-10-04 05:45:44,006 basehttp 10964 123145312813056 "GET /photos/posts/28/add_like/ HTTP/1.1" 200 200
INFO 2016-10-04 05:45:44,148 basehttp 10964 123145312813056 "GET /photos/posts/28/add_like/ HTTP/1.1" 200 200
INFO 2016-10-04 05:45:44,284 basehttp 10964 123145312813056 "GET /photos/posts/28/add_like/ HTTP/1.1" 200 200
INFO 2016-10-04 05:45:44,434 basehttp 10964 123145312813056 "GET /photos/posts/28/add_like/ HTTP/1.1" 200 200
INFO 2016-10-04 05:45:44,614 basehttp 10964 123145312813056 "GET /photos/posts/28/ HTTP/1.1" 200 827
INFO 2016-10-04 05:45:45,320 basehttp 10964 123145312813056 "GET /photos/posts/28/ HTTP/1.1" 200 827
INFO 2016-10-04 05:46:33,487 basehttp 10972 123145312813056 "GET /photos/posts/27/ HTTP/1.1" 200 817
INFO 2016-10-04 05:46:34,045 basehttp 10972 123145312813056 "GET /photos/ HTTP/1.1" 200 2127
INFO 2016-10-04 05:46:34,686 basehttp 10972 123145312813056 "GET /photos HTTP/1.1" 301 0
INFO 2016-10-04 05:46:34,705 basehttp 10972 123145312813056 "GET /photos/ HTTP/1.1" 200 2127
INFO 2016-10-04 05:46:36,458 basehttp 10972 123145312813056 "GET /photos/posts/28/ HTTP/1.1" 200 827
INFO 2016-10-04 05:46:37,608 basehttp 10972 123145312813056 "GET /photos/posts/28/add_like/ HTTP/1.1" 200 200
INFO 2016-10-04 05:47:20,346 basehttp 10978 123145312813056 "GET /photos/posts/28/add_like/ HTTP/1.1" 200 200
INFO 2016-10-04 05:47:20,590 basehttp 10978 123145312813056 "GET /photos/posts/28/add_like/ HTTP/1.1" 200 200
INFO 2016-10-04 05:47:20,733 basehttp 10978 123145312813056 "GET /photos/posts/28/add_like/ HTTP/1.1" 200 200
INFO 2016-10-04 05:47:20,875 basehttp 10978 123145312813056 "GET /photos/posts/28/add_like/ HTTP/1.1" 200 200
INFO 2016-10-04 05:47:21,011 basehttp 10978 123145312813056 "GET /photos/posts/28/add_like/ HTTP/1.1" 200 200
INFO 2016-10-04 05:47:21,153 basehttp 10978 123145312813056 "GET /photos/posts/28/add_like/ HTTP/1.1" 200 200
INFO 2016-10-04 05:47:21,445 basehttp 10978 123145312813056 "GET /photos/posts/28/ HTTP/1.1" 200 827
INFO 2016-10-04 05:47:21,967 basehttp 10978 123145312813056 "GET /photos/posts/28/ HTTP/1.1" 200 827
INFO 2016-10-04 05:47:25,719 basehttp 10978 123145312813056 "GET /photos/ HTTP/1.1" 200 2127
INFO 2016-10-04 05:47:27,354 basehttp 10978 123145312813056 "GET /photos/posts/28/ HTTP/1.1" 200 827
INFO 2016-10-04 05:47:28,876 basehttp 10978 123145312813056 "GET /photos/posts/28/add_like/ HTTP/1.1" 200 200
INFO 2016-10-04 05:55:36,396 basehttp 10990 123145312813056 "GET /photos/posts/28/add_like/ HTTP/1.1" 302 0
INFO 2016-10-04 05:55:36,410 basehttp 10990 123145312813056 "GET /photos/posts/28/ HTTP/1.1" 200 827
INFO 2016-10-04 05:55:36,421 basehttp 10990 123145312813056 "GET /uploads/2016/10/04/Unknown HTTP/1.1" 304 0
INFO 2016-10-04 05:55:37,481 basehttp 10990 123145312813056 "GET /photos/posts/28/ HTTP/1.1" 200 827
INFO 2016-10-04 05:55:37,902 basehttp 10990 123145312813056 "GET /photos/posts/27/ HTTP/1.1" 200 817
INFO 2016-10-04 05:55:38,488 basehttp 10990 123145312813056 "GET /photos/ HTTP/1.1" 200 2127
INFO 2016-10-04 05:55:39,026 basehttp 10990 123145312813056 "GET /photos/ HTTP/1.1" 200 2127
INFO 2016-10-04 05:55:41,267 basehttp 10990 123145312813056 "GET /photos/posts/28/ HTTP/1.1" 200 827
INFO 2016-10-04 05:55:41,275 basehttp 10990 123145312813056 "GET /uploads/2016/10/04/Unknown HTTP/1.1" 304 0
INFO 2016-10-04 05:55:42,718 basehttp 10990 123145312813056 "GET /photos/posts/28/add_like/ HTTP/1.1" 302 0
INFO 2016-10-04 05:55:42,730 basehttp 10990 123145312813056 "GET /photos/posts/28/ HTTP/1.1" 200 827
INFO 2016-10-04 06:13:49,926 basehttp 11004 123145312813056 "GET /photos/posts/28/ HTTP/1.1" 200 827
INFO 2016-10-04 06:13:50,678 basehttp 11004 123145312813056 "GET /photos/posts/27/ HTTP/1.1" 200 817
INFO 2016-10-04 06:13:51,076 basehttp 11004 123145312813056 "GET /photos/ HTTP/1.1" 200 2127
INFO 2016-10-04 06:13:51,813 basehttp 11004 123145312813056 "GET /photos/ HTTP/1.1" 200 2127
INFO 2016-10-04 06:13:53,980 basehttp 11004 123145312813056 "GET /photos/posts/28/ HTTP/1.1" 200 827
INFO 2016-10-04 06:13:55,555 basehttp 11004 123145312813056 "GET /photos/posts/28/add_like/ HTTP/1.1" 200 259
INFO 2016-10-04 06:13:55,564 basehttp 11004 123145312813056 "GET /static/like_impossible.js HTTP/1.1" 304 0
INFO 2016-10-04 06:15:07,581 basehttp 11004 123145312813056 "GET /photos/posts/28/add_like/ HTTP/1.1" 200 280
INFO 2016-10-04 06:15:07,592 basehttp 11004 123145312813056 "GET /static/like_impossible.js HTTP/1.1" 304 0
INFO 2016-10-04 06:15:08,072 basehttp 11004 123145312813056 "GET /photos/posts/28/add_like/ HTTP/1.1" 200 280
INFO 2016-10-04 06:15:08,246 basehttp 11004 123145312813056 "GET /photos/posts/28/add_like/ HTTP/1.1" 200 280
INFO 2016-10-04 06:15:08,413 basehttp 11004 123145312813056 "GET /photos/posts/28/add_like/ HTTP/1.1" 200 280
INFO 2016-10-04 06:15:08,672 basehttp 11004 123145312813056 "GET /photos/posts/28/ HTTP/1.1" 200 827
INFO 2016-10-04 06:15:08,684 basehttp 11004 123145312813056 "GET /uploads/2016/10/04/Unknown HTTP/1.1" 304 0
INFO 2016-10-04 06:15:09,080 basehttp 11004 123145312813056 "GET /photos/posts/27/ HTTP/1.1" 200 817
INFO 2016-10-04 06:15:09,587 basehttp 11004 123145312813056 "GET /photos/ HTTP/1.1" 200 2127
INFO 2016-10-04 06:15:10,057 basehttp 11004 123145312813056 "GET /photos/ HTTP/1.1" 200 2127
INFO 2016-10-04 06:15:11,601 basehttp 11004 123145312813056 "GET /photos/posts/28/ HTTP/1.1" 200 827
INFO 2016-10-04 06:15:11,608 basehttp 11004 123145312813056 "GET /uploads/2016/10/04/Unknown HTTP/1.1" 304 0
INFO 2016-10-04 06:15:12,814 basehttp 11004 123145312813056 "GET /photos/posts/28/add_like/ HTTP/1.1" 200 280
INFO 2016-10-04 06:16:44,229 basehttp 11004 123145312813056 "GET /photos/posts/28/add_like/ HTTP/1.1" 200 259
INFO 2016-10-04 06:16:44,723 basehttp 11004 123145312813056 "GET /photos/posts/28/add_like/ HTTP/1.1" 200 259
INFO 2016-10-04 06:16:44,901 basehttp 11004 123145312813056 "GET /photos/posts/28/add_like/ HTTP/1.1" 200 259
INFO 2016-10-04 06:16:45,070 basehttp 11004 123145312813056 "GET /photos/posts/28/add_like/ HTTP/1.1" 200 259
INFO 2016-10-04 06:16:45,321 basehttp 11004 123145312813056 "GET /photos/posts/28/ HTTP/1.1" 200 827
INFO 2016-10-04 06:16:45,749 basehttp 11004 123145312813056 "GET /photos/posts/27/ HTTP/1.1" 200 817
INFO 2016-10-04 06:16:46,258 basehttp 11004 123145312813056 "GET /photos/ HTTP/1.1" 200 2127
INFO 2016-10-04 06:16:46,704 basehttp 11004 123145312813056 "GET /photos/ HTTP/1.1" 200 2127
INFO 2016-10-04 06:16:48,638 basehttp 11004 123145312813056 "GET /photos/posts/28/ HTTP/1.1" 200 827
INFO 2016-10-04 06:16:49,832 basehttp 11004 123145312813056 "GET /photos/posts/28/add_like/ HTTP/1.1" 200 259
INFO 2016-10-04 06:16:53,077 basehttp 11004 123145312813056 "GET /photos/posts/28/ HTTP/1.1" 200 827
INFO 2016-10-04 06:17:06,936 basehttp 11004 123145312813056 "GET /photos/ HTTP/1.1" 200 2127
WARNING 2016-10-04 06:19:01,381 basehttp 11004 123145312813056 "GET / HTTP/1.1" 404 2378
WARNING 2016-10-04 06:19:01,606 basehttp 11004 123145312813056 "GET /logint HTTP/1.1" 404 2396
WARNING 2016-10-04 06:19:04,635 basehttp 11004 123145312813056 "GET /logint HTTP/1.1" 404 2396
INFO 2016-10-04 06:19:09,556 basehttp 11004 123145312813056 "GET /login HTTP/1.1" 301 0
INFO 2016-10-04 06:19:09,563 basehttp 11004 123145312813056 "GET /login/ HTTP/1.1" 200 490
INFO 2016-10-04 06:19:20,713 basehttp 11004 123145312813056 "POST /login/ HTTP/1.1" 302 0
INFO 2016-10-04 06:19:20,736 basehttp 11004 123145312813056 "GET /photos/create/ HTTP/1.1" 200 675
INFO 2016-10-04 06:19:28,221 basehttp 11004 123145312813056 "GET /photos/create/ HTTP/1.1" 200 675
INFO 2016-10-04 06:19:29,140 basehttp 11004 123145312813056 "GET /photos/ HTTP/1.1" 200 2127
INFO 2016-10-04 06:19:29,593 basehttp 11004 123145312813056 "GET /photos/ HTTP/1.1" 200 2127
INFO 2016-10-04 06:19:32,300 basehttp 11004 123145312813056 "GET /photos/posts/28/ HTTP/1.1" 200 827
INFO 2016-10-04 06:19:33,492 basehttp 11004 123145312813056 "GET /photos/posts/28/add_like/ HTTP/1.1" 302 0
INFO 2016-10-04 06:19:33,505 basehttp 11004 123145312813056 "GET /photos/posts/28/ HTTP/1.1" 200 827
INFO 2016-10-04 06:19:35,568 basehttp 11004 123145312813056 "GET /photos/posts/28/add_like/ HTTP/1.1" 200 259
INFO 2016-10-04 06:19:35,576 basehttp 11004 123145312813056 "GET /static/like_impossible.js HTTP/1.1" 304 0
INFO 2016-10-04 06:19:38,954 basehttp 11004 123145312813056 "GET /photos/posts/28/ HTTP/1.1" 200 827
INFO 2016-10-04 06:19:42,338 basehttp 11004 123145312813056 "GET /photos/ HTTP/1.1" 200 2127
WARNING 2016-10-04 06:21:03,419 basehttp 11004 123145312813056 "GET / HTTP/1.1" 404 2378
INFO 2016-10-04 06:21:03,929 basehttp 11004 123145312813056 "GET /login/?next=/photos/create/ HTTP/1.1" 200 490
INFO 2016-10-04 06:21:05,469 basehttp 11004 123145312813056 "GET /logout HTTP/1.1" 301 0
INFO 2016-10-04 06:21:05,484 basehttp 11004 123145312813056 "GET /logout/ HTTP/1.1" 302 0
INFO 2016-10-04 06:21:05,501 basehttp 11004 123145312813056 "GET /login/ HTTP/1.1" 200 490
INFO 2016-10-04 06:21:09,538 basehttp 11004 123145312813056 "GET /login/ HTTP/1.1" 200 490
INFO 2016-10-04 06:21:09,680 basehttp 11004 123145312813056 "GET /login/?next=/photos/create/ HTTP/1.1" 200 490
WARNING 2016-10-04 06:21:10,233 basehttp 11004 123145312813056 "GET / HTTP/1.1" 404 2378
INFO 2016-10-04 06:21:11,820 basehttp 11004 123145312813056 "GET /photos/ HTTP/1.1" 200 2134
INFO 2016-10-04 06:21:12,502 basehttp 11004 123145312813056 "GET /photos/ HTTP/1.1" 200 2134
INFO 2016-10-04 06:21:15,478 basehttp 11004 123145312813056 "GET /photos/posts/28/ HTTP/1.1" 200 827
INFO 2016-10-04 06:21:16,859 basehttp 11004 123145312813056 "GET /photos/posts/28/add_like/ HTTP/1.1" 302 0
INFO 2016-10-04 06:21:16,868 basehttp 11004 123145312813056 "GET /login/?next=/photos/posts/28/add_like/ HTTP/1.1" 200 490
INFO 2016-10-04 06:21:34,896 basehttp 11004 123145312813056 "POST /login/?next=/photos/posts/28/add_like/ HTTP/1.1" 302 0
INFO 2016-10-04 06:21:34,917 basehttp 11004 123145312813056 "GET /photos/posts/28/add_like/ HTTP/1.1" 200 259
INFO 2016-10-04 06:21:40,639 basehttp 11004 123145312813056 "GET /photos/posts/28/ HTTP/1.1" 200 827
INFO 2016-10-04 06:21:46,339 basehttp 11004 123145312813056 "GET /photos/ HTTP/1.1" 200 2127
INFO 2016-10-05 08:17:43,743 basehttp 11309 123145312813056 "GET /photos/posts/28/ HTTP/1.1" 200 827
INFO 2016-10-05 08:17:43,770 basehttp 11309 123145312813056 "GET /uploads/2016/10/04/Unknown HTTP/1.1" 304 0
WARNING 2016-10-05 08:17:43,818 basehttp 11309 123145312813056 "GET /favicon.ico HTTP/1.1" 404 2411
WARNING 2016-10-05 08:17:43,827 basehttp 11309 123145312813056 "GET /apple-touch-icon-precomposed.png HTTP/1.1" 404 2474
WARNING 2016-10-05 08:17:43,844 basehttp 11309 123145312813056 "GET /apple-touch-icon.png HTTP/1.1" 404 2438
INFO 2016-10-05 08:17:44,103 basehttp 11309 123145312813056 "GET /photos/ HTTP/1.1" 200 2134
WARNING 2016-10-05 08:17:44,189 basehttp 11309 123145312813056 "GET /apple-touch-icon-precomposed.png HTTP/1.1" 404 2474
WARNING 2016-10-05 08:17:44,190 basehttp 11309 123145318068224 "GET /favicon.ico HTTP/1.1" 404 2411
WARNING 2016-10-05 08:17:44,200 basehttp 11309 123145312813056 "GET /apple-touch-icon.png HTTP/1.1" 404 2438
INFO 2016-10-05 08:17:44,304 basehttp 11309 123145312813056 "GET /photos/ HTTP/1.1" 200 2134
WARNING 2016-10-05 08:17:44,316 basehttp 11309 123145312813056 "GET /apple-touch-icon-precomposed.png HTTP/1.1" 404 2474
WARNING 2016-10-05 08:17:44,324 basehttp 11309 123145312813056 "GET /apple-touch-icon.png HTTP/1.1" 404 2438
INFO 2016-10-05 08:17:46,110 basehttp 11309 123145312813056 "GET /photos/posts/28/add_like/ HTTP/1.1" 200 259
INFO 2016-10-05 08:17:46,118 basehttp 11309 123145312813056 "GET /static/like_impossible.js HTTP/1.1" 304 0
WARNING 2016-10-05 08:17:49,058 basehttp 11309 123145312813056 "GET /apple-touch-icon-precomposed.png HTTP/1.1" 404 2474
WARNING 2016-10-05 08:17:49,069 basehttp 11309 123145312813056 "GET /apple-touch-icon.png HTTP/1.1" 404 2438
INFO 2016-10-05 08:18:00,868 basehttp 11309 123145312813056 "GET /photos/posts/28/ HTTP/1.1" 200 827
INFO 2016-10-05 08:18:11,346 basehttp 11309 123145312813056 "GET /photos/posts/28/ HTTP/1.1" 200 827
INFO 2016-10-05 08:18:11,359 basehttp 11309 123145312813056 "GET /uploads/2016/10/04/Unknown HTTP/1.1" 304 0
INFO 2016-10-05 08:18:12,107 basehttp 11309 123145312813056 "GET /photos/posts/27/ HTTP/1.1" 200 817
INFO 2016-10-05 08:18:12,118 basehttp 11309 123145312813056 "GET /uploads/2016/10/01/Unknown HTTP/1.1" 304 0
INFO 2016-10-05 08:18:12,570 basehttp 11309 123145312813056 "GET /photos/ HTTP/1.1" 200 2127
WARNING 2016-10-05 08:18:16,060 basehttp 11309 123145312813056 "GET /photos/login HTTP/1.1" 404 3542
WARNING 2016-10-05 08:18:19,285 basehttp 11309 123145312813056 "GET /photos/login HTTP/1.1" 404 3542
INFO 2016-10-05 08:18:20,076 basehttp 11309 123145312813056 "GET /photos/ HTTP/1.1" 200 2127
WARNING 2016-10-05 08:18:20,838 basehttp 11309 123145312813056 "GET / HTTP/1.1" 404 2378
INFO 2016-10-05 08:18:21,252 basehttp 11309 123145312813056 "GET /login/?next=/photos/create/ HTTP/1.1" 200 490
INFO 2016-10-05 08:18:22,649 basehttp 11309 123145312813056 "GET /login/ HTTP/1.1" 200 490
WARNING 2016-10-05 08:18:22,773 basehttp 11309 123145312813056 "GET /logint HTTP/1.1" 404 2396
INFO 2016-10-05 08:18:23,406 basehttp 11309 123145312813056 "GET /login/ HTTP/1.1" 200 490
INFO 2016-10-05 08:18:23,584 basehttp 11309 123145312813056 "GET /login HTTP/1.1" 301 0
INFO 2016-10-05 08:18:23,590 basehttp 11309 123145312813056 "GET /login/ HTTP/1.1" 200 490
INFO 2016-10-05 08:18:32,289 basehttp 11309 123145312813056 "POST /login/ HTTP/1.1" 200 641
INFO 2016-10-05 08:19:02,398 basehttp 11309 123145312813056 "POST /login/ HTTP/1.1" 302 0
INFO 2016-10-05 08:19:02,414 basehttp 11309 123145312813056 "GET /photos/create/ HTTP/1.1" 200 675
INFO 2016-10-05 08:19:07,284 basehttp 11309 123145312813056 "GET /photos/create/ HTTP/1.1" 200 675
INFO 2016-10-05 08:19:08,098 basehttp 11309 123145312813056 "GET /photos/ HTTP/1.1" 200 2127
INFO 2016-10-05 08:19:08,753 basehttp 11309 123145312813056 "GET /photos/ HTTP/1.1" 200 2127
INFO 2016-10-05 08:19:11,147 basehttp 11309 123145312813056 "GET /photos/posts/28/ HTTP/1.1" 200 827
WARNING 2016-10-05 08:22:59,761 basehttp 11330 123145312813056 "GET / HTTP/1.1" 404 2378
INFO 2016-10-05 08:23:00,165 basehttp 11330 123145312813056 "GET /login/?next=/photos/create/ HTTP/1.1" 200 490
INFO 2016-10-05 08:23:02,364 basehttp 11330 123145312813056 "GET /login/ HTTP/1.1" 200 490
INFO 2016-10-05 08:23:03,178 basehttp 11330 123145312813056 "GET /login/ HTTP/1.1" 200 490
INFO 2016-10-05 08:23:09,208 basehttp 11330 123145312813056 "POST /login/ HTTP/1.1" 302 0
INFO 2016-10-05 08:23:09,231 basehttp 11330 123145312813056 "GET /photos/ HTTP/1.1" 200 2127
INFO 2016-10-05 08:23:29,374 basehttp 11330 123145312813056 "GET /photos/posts/28/ HTTP/1.1" 200 827
INFO 2016-10-05 08:23:32,272 basehttp 11330 123145312813056 "GET /photos/posts/28/add_like/ HTTP/1.1" 200 259
INFO 2016-10-05 08:23:37,878 basehttp 11330 123145312813056 "GET /photos/posts/28/ HTTP/1.1" 200 827
INFO 2016-10-05 08:23:42,268 basehttp 11330 123145312813056 "GET /photos/posts/28/create_comment/ HTTP/1.1" 200 369
INFO 2016-10-05 08:23:45,836 basehttp 11330 123145312813056 "GET /photos/ HTTP/1.1" 200 2127
INFO 2016-10-05 08:48:52,042 basehttp 11343 123145312813056 "GET /photos/ HTTP/1.1" 200 2127
ERROR 2016-10-05 08:48:54,700 basehttp 11343 123145312813056 "GET /photos/posts/28/ HTTP/1.1" 500 91873
INFO 2016-10-05 08:49:22,338 basehttp 11345 123145312813056 "GET /photos/posts/28/ HTTP/1.1" 200 827
INFO 2016-10-05 08:50:49,037 basehttp 11345 123145312813056 "GET /photos/ HTTP/1.1" 200 2127
INFO 2016-10-05 08:50:50,567 basehttp 11345 123145312813056 "GET /photos/posts/28/ HTTP/1.1" 200 835
INFO 2016-10-05 08:51:54,743 basehttp 11346 123145312813056 "GET /photos/posts/28/ HTTP/1.1" 200 985
INFO 2016-10-05 08:54:51,856 basehttp 11346 123145312813056 "GET /photos/posts/28/ HTTP/1.1" 200 970
INFO 2016-10-05 08:55:40,259 basehttp 11347 123145312813056 "GET /photos/posts/28/ HTTP/1.1" 200 835
ERROR 2016-10-05 08:58:39,736 basehttp 11350 123145312813056 "GET /photos/posts/28/ HTTP/1.1" 500 87369
INFO 2016-10-05 08:59:47,346 basehttp 11351 123145312813056 "GET /photos/posts/28/ HTTP/1.1" 200 889
INFO 2016-10-05 09:01:18,703 basehttp 11351 123145312813056 "GET /photos/posts/28/ HTTP/1.1" 200 1014
INFO 2016-10-05 09:01:50,299 basehttp 11351 123145312813056 "GET /photos/posts/28/ HTTP/1.1" 200 1025
INFO 2016-10-05 09:01:59,740 basehttp 11351 123145312813056 "GET /photos/posts/28/ HTTP/1.1" 200 1030
INFO 2016-10-05 09:02:05,202 basehttp 11351 123145312813056 "GET /photos/ HTTP/1.1" 200 2127
INFO 2016-10-05 09:02:06,998 basehttp 11351 123145312813056 "GET /photos/posts/27/ HTTP/1.1" 200 1043
INFO 2016-10-05 09:02:07,006 basehttp 11351 123145312813056 "GET /uploads/2016/10/01/Unknown HTTP/1.1" 304 0
INFO 2016-10-05 09:02:15,240 basehttp 11351 123145312813056 "GET /photos/ HTTP/1.1" 200 2127
INFO 2016-10-05 09:02:16,683 basehttp 11351 123145312813056 "GET /photos/posts/28/ HTTP/1.1" 200 1030
INFO 2016-10-05 09:02:51,065 basehttp 11351 123145312813056 "GET /photos/posts/28/add_like/ HTTP/1.1" 200 259
INFO 2016-10-05 09:02:55,078 basehttp 11351 123145312813056 "GET /photos/posts/28/ HTTP/1.1" 200 1030
INFO 2016-10-05 09:02:58,098 basehttp 11351 123145312813056 "GET /photos/ HTTP/1.1" 200 2127
INFO 2016-10-05 14:32:10,723 basehttp 11410 123145312813056 "GET /photos/posts/28/ HTTP/1.1" 200 1030
INFO 2016-10-05 14:32:10,738 basehttp 11410 123145312813056 "GET /uploads/2016/10/04/Unknown HTTP/1.1" 304 0
INFO 2016-10-05 14:33:11,006 basehttp 11410 123145312813056 "GET /photos/posts/28/ HTTP/1.1" 200 1038
INFO 2016-10-05 14:33:21,060 basehttp 11410 123145312813056 "GET /photos/create/ HTTP/1.1" 200 675
INFO 2016-10-05 14:33:22,153 basehttp 11410 123145312813056 "GET /photos/create/ HTTP/1.1" 200 675
INFO 2016-10-05 14:33:41,922 basehttp 11410 123145312813056 "POST /photos/create/ HTTP/1.1" 302 0
INFO 2016-10-05 14:33:41,937 basehttp 11410 123145312813056 "GET /photos/posts/29/ HTTP/1.1" 200 988
INFO 2016-10-05 14:33:41,945 basehttp 11410 123145312813056 "GET /uploads/2016/10/05/Unknown HTTP/1.1" 200 8969
INFO 2016-10-05 14:33:57,570 basehttp 11410 123145312813056 "GET /photos/ HTTP/1.1" 200 2141
INFO 2016-10-05 14:33:59,416 basehttp 11410 123145312813056 "GET /photos/posts/29/ HTTP/1.1" 200 988
INFO 2016-10-05 14:33:59,423 basehttp 11410 123145312813056 "GET /uploads/2016/10/05/Unknown HTTP/1.1" 304 0
INFO 2016-10-05 14:34:01,419 basehttp 11410 123145312813056 "GET /photos/posts/29/add_like/ HTTP/1.1" 302 0
INFO 2016-10-05 14:34:01,439 basehttp 11410 123145312813056 "GET /photos/posts/29/ HTTP/1.1" 200 1015
INFO 2016-10-05 14:34:01,447 basehttp 11410 123145312813056 "GET /uploads/2016/10/05/Unknown HTTP/1.1" 304 0
INFO 2016-10-05 14:34:42,360 basehttp 11410 123145312813056 "GET /photos/posts/28/ HTTP/1.1" 200 1084
INFO 2016-10-05 14:34:42,373 basehttp 11410 123145312813056 "GET /uploads/2016/10/04/Unknown HTTP/1.1" 304 0
INFO 2016-10-05 14:34:43,336 basehttp 11410 123145312813056 "GET /photos/ HTTP/1.1" 200 2141
INFO 2016-10-05 14:34:43,976 basehttp 11410 123145312813056 "GET /photos HTTP/1.1" 301 0
INFO 2016-10-05 14:34:43,995 basehttp 11410 123145312813056 "GET /photos/ HTTP/1.1" 200 2141
INFO 2016-10-05 14:34:45,601 basehttp 11410 123145312813056 "GET /photos/posts/29/ HTTP/1.1" 200 1038
INFO 2016-10-05 14:34:45,609 basehttp 11410 123145312813056 "GET /uploads/2016/10/05/Unknown HTTP/1.1" 304 0
INFO 2016-10-05 14:34:52,848 basehttp 11410 123145312813056 "GET /photos/posts/29/add_like/ HTTP/1.1" 200 259
INFO 2016-10-05 14:34:52,857 basehttp 11410 123145312813056 "GET /static/like_impossible.js HTTP/1.1" 304 0
INFO 2016-10-05 14:34:55,634 basehttp 11410 123145312813056 "GET /photos/posts/29/ HTTP/1.1" 200 1038
INFO 2016-10-05 14:34:55,642 basehttp 11410 123145312813056 "GET /uploads/2016/10/05/Unknown HTTP/1.1" 304 0
INFO 2016-10-05 14:35:01,590 basehttp 11410 123145312813056 "GET /photos/ HTTP/1.1" 200 2141
INFO 2016-10-05 14:35:03,224 basehttp 11410 123145312813056 "GET /photos/posts/28/ HTTP/1.1" 200 1084
INFO 2016-10-05 14:35:13,569 basehttp 11410 123145312813056 "GET /photos/ HTTP/1.1" 200 2141
INFO 2016-10-05 14:35:15,274 basehttp 11410 123145312813056 "GET /photos/posts/29/ HTTP/1.1" 200 1038
INFO 2016-10-05 14:35:15,282 basehttp 11410 123145312813056 "GET /uploads/2016/10/05/Unknown HTTP/1.1" 304 0
INFO 2016-10-05 14:35:30,359 basehttp 11410 123145312813056 "GET /photos/ HTTP/1.1" 200 2141
INFO 2016-10-06 02:55:50,247 basehttp 11466 123145312813056 "GET /photos/ HTTP/1.1" 200 2141
ERROR 2016-10-06 02:55:52,143 basehttp 11466 123145312813056 "GET /photos/posts/29/ HTTP/1.1" 500 64213
INFO 2016-10-06 02:56:27,216 basehttp 11468 123145312813056 "GET /photos/posts/29/ HTTP/1.1" 200 1038
INFO 2016-10-06 02:56:27,224 basehttp 11468 123145312813056 "GET /uploads/2016/10/05/Unknown HTTP/1.1" 304 0
INFO 2016-10-06 02:58:22,281 basehttp 11471 123145312813056 "GET /photos/posts/29/ HTTP/1.1" 200 1038
INFO 2016-10-06 03:01:51,285 basehttp 11474 123145312813056 "GET /photos/posts/29/ HTTP/1.1" 200 1038
INFO 2016-10-06 03:01:52,778 basehttp 11474 123145312813056 "GET /photos/posts/29/add_like/ HTTP/1.1" 200 259
INFO 2016-10-06 03:01:52,786 basehttp 11474 123145312813056 "GET /static/like_impossible.js HTTP/1.1" 304 0
INFO 2016-10-06 03:01:59,854 basehttp 11474 123145312813056 "GET /photos/posts/29/ HTTP/1.1" 200 1038
INFO 2016-10-06 03:02:04,771 basehttp 11474 123145312813056 "GET /photos/ HTTP/1.1" 200 2141
WARNING 2016-10-06 03:03:10,265 basehttp 11474 123145312813056 "GET / HTTP/1.1" 404 2378
INFO 2016-10-06 03:03:10,588 basehttp 11474 123145312813056 "GET /login/ HTTP/1.1" 200 490
INFO 2016-10-06 03:03:11,137 basehttp 11474 123145312813056 "GET /login/ HTTP/1.1" 200 490
INFO 2016-10-06 03:03:16,737 basehttp 11474 123145312813056 "POST /login/ HTTP/1.1" 302 0
INFO 2016-10-06 03:03:16,756 basehttp 11474 123145312813056 "GET /photos/ HTTP/1.1" 200 2141
INFO 2016-10-06 03:03:21,902 basehttp 11474 123145312813056 "GET /photos/posts/29/ HTTP/1.1" 200 1038
INFO 2016-10-06 03:03:24,295 basehttp 11474 123145312813056 "GET /photos/posts/29/add_like/ HTTP/1.1" 302 0
INFO 2016-10-06 03:03:24,319 basehttp 11474 123145312813056 "GET /photos/posts/29/ HTTP/1.1" 200 1088
INFO 2016-10-06 03:03:27,800 basehttp 11474 123145312813056 "GET /photos/posts/29/add_like/ HTTP/1.1" 200 259
INFO 2016-10-06 03:03:31,567 basehttp 11474 123145312813056 "GET /photos/posts/29/ HTTP/1.1" 200 1088
INFO 2016-10-06 03:03:59,833 basehttp 11478 123145312813056 "GET /photos/ HTTP/1.1" 200 2141
INFO 2016-10-06 03:04:01,152 basehttp 11478 123145312813056 "GET /photos/posts/29/ HTTP/1.1" 200 1088
INFO 2016-10-06 03:04:04,344 basehttp 11478 123145312813056 "GET /photos/posts/29/add_like/ HTTP/1.1" 200 259
INFO 2016-10-06 03:04:07,223 basehttp 11478 123145312813056 "GET /photos/posts/29/ HTTP/1.1" 200 1088
INFO 2016-10-06 03:04:09,749 basehttp 11478 123145312813056 "GET /photos/ HTTP/1.1" 200 2141
INFO 2016-10-06 03:04:15,226 basehttp 11478 123145312813056 "GET /photos/ HTTP/1.1" 200 2141
WARNING 2016-10-06 03:04:15,998 basehttp 11478 123145312813056 "GET / HTTP/1.1" 404 2378
INFO 2016-10-06 03:04:16,516 basehttp 11478 123145312813056 "GET /login/ HTTP/1.1" 200 490
INFO 2016-10-06 03:04:17,005 basehttp 11478 123145312813056 "GET /login/ HTTP/1.1" 200 490
INFO 2016-10-06 03:04:23,845 basehttp 11478 123145312813056 "POST /login/ HTTP/1.1" 302 0
INFO 2016-10-06 03:04:23,864 basehttp 11478 123145312813056 "GET /photos/ HTTP/1.1" 200 2141
INFO 2016-10-06 03:04:26,350 basehttp 11478 123145312813056 "GET /photos/posts/29/ HTTP/1.1" 200 1088
INFO 2016-10-06 03:04:28,065 basehttp 11478 123145312813056 "GET /photos/posts/29/add_like/ HTTP/1.1" 200 259
INFO 2016-10-06 03:04:32,341 basehttp 11478 123145312813056 "GET /photos/posts/29/ HTTP/1.1" 200 1088
INFO 2016-10-06 03:04:37,486 basehttp 11478 123145312813056 "GET /photos/ HTTP/1.1" 200 2141
INFO 2016-10-06 05:55:44,780 basehttp 11492 123145312813056 "GET /photos/posts/29/ HTTP/1.1" 200 1088
INFO 2016-10-06 05:55:44,795 basehttp 11492 123145312813056 "GET /uploads/2016/10/05/Unknown HTTP/1.1" 304 0
INFO 2016-10-06 05:55:46,224 basehttp 11492 123145312813056 "GET /photos/posts/29/add_like/ HTTP/1.1" 200 259
INFO 2016-10-06 05:55:51,301 basehttp 11492 123145312813056 "GET /photos/posts/29/ HTTP/1.1" 200 1088
INFO 2016-10-06 05:55:57,302 basehttp 11492 123145312813056 "GET /photos/ HTTP/1.1" 200 2141
INFO 2016-10-06 05:56:01,015 basehttp 11492 123145312813056 "GET /photos/posts/29/ HTTP/1.1" 200 1088
INFO 2016-10-06 05:56:07,228 basehttp 11492 123145312813056 "GET /photos/ HTTP/1.1" 200 2141
INFO 2016-10-06 05:58:08,168 basehttp 11492 123145312813056 "GET /photos/ HTTP/1.1" 200 2141
INFO 2016-10-06 05:58:10,031 basehttp 11492 123145312813056 "GET /photos/posts/29/ HTTP/1.1" 200 1088
INFO 2016-10-06 05:58:11,654 basehttp 11492 123145312813056 "GET /photos/posts/29/add_like/ HTTP/1.1" 200 259
INFO 2016-10-06 05:58:29,063 basehttp 11492 123145312813056 "GET /photos/posts/29/add_like/ HTTP/1.1" 200 259
INFO 2016-10-06 05:58:29,076 basehttp 11492 123145312813056 "GET /static/like_impossible.js HTTP/1.1" 200 146
INFO 2016-10-06 05:58:29,555 basehttp 11492 123145312813056 "GET /photos/posts/29/add_like/ HTTP/1.1" 200 259
INFO 2016-10-06 05:58:29,729 basehttp 11492 123145312813056 "GET /photos/posts/29/add_like/ HTTP/1.1" 200 259
INFO 2016-10-06 05:58:29,896 basehttp 11492 123145312813056 "GET /photos/posts/29/add_like/ HTTP/1.1" 200 259
INFO 2016-10-06 05:58:30,151 basehttp 11492 123145312813056 "GET /photos/posts/29/ HTTP/1.1" 200 1088
INFO 2016-10-06 05:58:30,165 basehttp 11492 123145312813056 "GET /uploads/2016/10/05/Unknown HTTP/1.1" 304 0
INFO 2016-10-06 05:58:30,584 basehttp 11492 123145312813056 "GET /photos/posts/27/ HTTP/1.1" 200 1124
INFO 2016-10-06 05:58:30,596 basehttp 11492 123145312813056 "GET /uploads/2016/10/01/Unknown HTTP/1.1" 304 0
INFO 2016-10-06 05:58:31,196 basehttp 11492 123145312813056 "GET /photos/ HTTP/1.1" 200 2141
INFO 2016-10-06 05:58:31,661 basehttp 11492 123145312813056 "GET /photos/ HTTP/1.1" 200 2141
INFO 2016-10-06 05:58:36,850 basehttp 11492 123145312813056 "GET /photos/posts/29/ HTTP/1.1" 200 1088
INFO 2016-10-06 05:58:38,381 basehttp 11492 123145312813056 "GET /photos/posts/29/add_like/ HTTP/1.1" 200 259
INFO 2016-10-06 05:58:42,770 basehttp 11492 123145312813056 "GET /photos/posts/29/ HTTP/1.1" 200 1088
INFO 2016-10-06 05:58:45,756 basehttp 11492 123145312813056 "GET /photos/ HTTP/1.1" 200 2141
INFO 2016-10-06 06:05:34,188 basehttp 11505 123145312813056 "GET /photos/posts/29/ HTTP/1.1" 200 1088
INFO 2016-10-06 06:05:35,846 basehttp 11505 123145312813056 "GET /photos/posts/29/add_like/ HTTP/1.1" 200 271
INFO 2016-10-06 06:06:42,214 basehttp 11506 123145312813056 "GET /photos/posts/29/ HTTP/1.1" 200 1088
INFO 2016-10-06 06:06:44,558 basehttp 11506 123145312813056 "GET /photos/ HTTP/1.1" 200 2141
INFO 2016-10-06 06:06:45,970 basehttp 11506 123145312813056 "GET /photos/posts/29/ HTTP/1.1" 200 1088
INFO 2016-10-06 06:06:47,155 basehttp 11506 123145312813056 "GET /photos/posts/29/add_like/ HTTP/1.1" 200 331
INFO 2016-10-06 06:06:58,352 basehttp 11506 123145312813056 "GET /photos/posts/29/ HTTP/1.1" 200 1088
INFO 2016-10-06 06:07:18,017 basehttp 11506 123145312813056 "GET /photos/ HTTP/1.1" 200 2141
INFO 2016-10-06 06:10:20,638 basehttp 11506 123145312813056 "GET /photos/posts/29/ HTTP/1.1" 200 1088
INFO 2016-10-06 06:10:22,009 basehttp 11506 123145312813056 "GET /photos/posts/29/add_like/ HTTP/1.1" 200 390
INFO 2016-10-06 06:10:26,014 basehttp 11506 123145312813056 "GET /photos/posts/29/ HTTP/1.1" 200 1088
INFO 2016-10-06 06:10:28,249 basehttp 11506 123145312813056 "GET /photos/ HTTP/1.1" 200 2141
INFO 2016-10-06 06:10:39,976 basehttp 11506 123145312813056 "GET /photos/posts/29/ HTTP/1.1" 200 1088
INFO 2016-10-06 06:10:41,995 basehttp 11506 123145312813056 "GET /photos/posts/29/add_like/ HTTP/1.1" 200 389
INFO 2016-10-06 06:10:45,351 basehttp 11506 123145312813056 "GET /photos/posts/29/ HTTP/1.1" 200 1088
INFO 2016-10-06 06:10:47,672 basehttp 11506 123145312813056 "GET /photos/ HTTP/1.1" 200 2141
INFO 2016-10-06 06:10:57,619 basehttp 11508 123145312813056 "GET /photos/ HTTP/1.1" 200 2141
INFO 2016-10-06 06:10:59,685 basehttp 11508 123145312813056 "GET /photos/posts/29/ HTTP/1.1" 200 1088
INFO 2016-10-06 06:11:01,062 basehttp 11508 123145312813056 "GET /photos/posts/29/add_like/ HTTP/1.1" 200 389
INFO 2016-10-06 06:11:02,684 basehttp 11508 123145312813056 "GET /photos/posts/29/ HTTP/1.1" 200 1088
INFO 2016-10-06 06:12:03,361 basehttp 11512 123145312813056 "GET /photos/ HTTP/1.1" 200 2141
INFO 2016-10-06 06:12:04,959 basehttp 11512 123145312813056 "GET /photos/posts/29/ HTTP/1.1" 200 1088
INFO 2016-10-06 06:12:06,173 basehttp 11512 123145312813056 "GET /photos/posts/29/add_like/ HTTP/1.1" 200 389
INFO 2016-10-06 06:12:07,972 basehttp 11512 123145312813056 "GET /photos/posts/29/ HTTP/1.1" 200 1088
INFO 2016-10-06 06:12:09,784 basehttp 11512 123145312813056 "GET /photos/ HTTP/1.1" 200 2141
INFO 2016-10-06 06:12:43,301 basehttp 11512 123145312813056 "GET /photos/posts/28/ HTTP/1.1" 200 1084
INFO 2016-10-06 06:12:43,309 basehttp 11512 123145312813056 "GET /uploads/2016/10/04/Unknown HTTP/1.1" 304 0
INFO 2016-10-06 06:12:45,061 basehttp 11512 123145312813056 "GET /photos/ HTTP/1.1" 200 2141
INFO 2016-10-06 06:12:46,702 basehttp 11512 123145312813056 "GET /photos/posts/29/ HTTP/1.1" 200 1088
INFO 2016-10-06 06:12:47,926 basehttp 11512 123145312813056 "GET /photos/posts/29/add_like/ HTTP/1.1" 200 333
INFO 2016-10-06 06:12:52,253 basehttp 11512 123145312813056 "GET /photos/posts/29/ HTTP/1.1" 200 1088
INFO 2016-10-06 06:12:54,373 basehttp 11512 123145312813056 "GET /photos/ HTTP/1.1" 200 2141
INFO 2016-10-06 06:21:16,501 basehttp 11521 123145312813056 "GET /photos/posts/29/ HTTP/1.1" 200 1088
INFO 2016-10-06 06:21:18,003 basehttp 11521 123145312813056 "GET /photos/posts/29/add_like/ HTTP/1.1" 200 356
INFO 2016-10-06 06:21:22,299 basehttp 11521 123145312813056 "GET /photos/posts/29/ HTTP/1.1" 200 1088
INFO 2016-10-06 06:21:24,127 basehttp 11521 123145312813056 "GET /photos/ HTTP/1.1" 200 2141
INFO 2016-10-06 06:26:28,934 basehttp 11530 123145312813056 "GET /photos/posts/29/ HTTP/1.1" 200 1088
INFO 2016-10-06 06:26:30,457 basehttp 11530 123145312813056 "GET /photos/posts/29/add_like/ HTTP/1.1" 200 356
INFO 2016-10-06 06:26:33,803 basehttp 11530 123145312813056 "GET /photos/posts/29/ HTTP/1.1" 200 1088
INFO 2016-10-06 06:26:36,500 basehttp 11530 123145312813056 "GET /photos/ HTTP/1.1" 200 2141
INFO 2016-10-06 06:28:05,655 basehttp 11538 123145312813056 "GET /photos/posts/29/ HTTP/1.1" 200 1088
INFO 2016-10-06 06:28:07,289 basehttp 11538 123145312813056 "GET /photos/posts/29/add_like/ HTTP/1.1" 200 356
INFO 2016-10-06 06:28:11,627 basehttp 11538 123145312813056 "GET /photos/posts/29/ HTTP/1.1" 200 1088
INFO 2016-10-06 06:28:13,676 basehttp 11538 123145312813056 "GET /photos/ HTTP/1.1" 200 2141
WARNING 2016-10-06 06:28:46,002 basehttp 11538 123145312813056 "GET /photos/static/ HTTP/1.1" 404 3548
WARNING 2016-10-06 06:28:49,033 basehttp 11538 123145312813056 "GET /photos/static/ HTTP/1.1" 404 3548
INFO 2016-10-06 06:28:49,964 basehttp 11538 123145312813056 "GET /photos/ HTTP/1.1" 200 2141
WARNING 2016-10-06 06:28:50,671 basehttp 11538 123145312813056 "GET / HTTP/1.1" 404 2378
WARNING 2016-10-06 06:28:50,871 basehttp 11538 123145312813056 "GET /static/hello HTTP/1.1" 404 1628
WARNING 2016-10-06 06:28:52,019 basehttp 11538 123145312813056 "GET /static/hello HTTP/1.1" 404 1628
WARNING 2016-10-06 06:33:00,049 basehttp 11538 123145312813056 "GET /static/ HTTP/1.1" 404 1623
WARNING 2016-10-06 06:33:06,371 basehttp 11538 123145312813056 "GET /static/ HTTP/1.1" 404 1623
WARNING 2016-10-06 06:33:06,499 basehttp 11538 123145312813056 "GET /static/hello HTTP/1.1" 404 1628
WARNING 2016-10-06 06:33:07,302 basehttp 11538 123145312813056 "GET / HTTP/1.1" 404 2378
INFO 2016-10-06 06:33:07,941 basehttp 11538 123145312813056 "GET /photos/ HTTP/1.1" 200 2141
INFO 2016-10-06 06:33:08,467 basehttp 11538 123145312813056 "GET /photos/ HTTP/1.1" 200 2141
INFO 2016-10-06 06:33:11,120 basehttp 11538 123145312813056 "GET /photos/posts/29/ HTTP/1.1" 200 1088
INFO 2016-10-06 06:33:15,181 basehttp 11538 123145312813056 "GET /photos/posts/29/add_like/ HTTP/1.1" 200 356
INFO 2016-10-06 06:33:41,478 basehttp 11538 123145312813056 "GET /photos/posts/29/ HTTP/1.1" 200 1088
WARNING 2016-10-06 06:33:53,493 basehttp 11538 123145312813056 "GET / HTTP/1.1" 404 2378
WARNING 2016-10-06 06:33:58,034 basehttp 11538 123145312813056 "GET / HTTP/1.1" 404 2378
INFO 2016-10-06 06:33:59,299 basehttp 11538 123145312813056 "GET /photos/ HTTP/1.1" 200 2141
INFO 2016-10-06 06:33:59,882 basehttp 11538 123145312813056 "GET /photos/ HTTP/1.1" 200 2141
INFO 2016-10-06 06:34:01,861 basehttp 11538 123145312813056 "GET /photos/posts/29/ HTTP/1.1" 200 1088
INFO 2016-10-06 06:34:03,956 basehttp 11538 123145312813056 "GET /photos/posts/29/add_like/ HTTP/1.1" 200 356
INFO 2016-10-06 06:34:03,964 basehttp 11538 123145312813056 "GET /static/like_impossible.js HTTP/1.1" 200 57
INFO 2016-10-06 06:34:11,876 basehttp 11538 123145312813056 "GET /photos/posts/29/ HTTP/1.1" 200 1088
INFO 2016-10-06 06:34:14,453 basehttp 11538 123145312813056 "GET /photos/ HTTP/1.1" 200 2141
INFO 2016-10-06 06:34:40,938 basehttp 11538 123145312813056 "GET /photos/posts/29/ HTTP/1.1" 200 1088
INFO 2016-10-06 06:34:42,561 basehttp 11538 123145312813056 "GET /photos/posts/29/add_like/ HTTP/1.1" 200 356
INFO 2016-10-06 06:34:49,470 basehttp 11538 123145312813056 "GET /photos/posts/29/ HTTP/1.1" 200 1088
INFO 2016-10-06 06:34:53,466 basehttp 11538 123145312813056 "GET /photos/posts/29/ HTTP/1.1" 200 1088
INFO 2016-10-06 06:34:54,218 basehttp 11538 123145312813056 "GET /photos/posts/28/ HTTP/1.1" 200 1084
INFO 2016-10-06 06:34:54,232 basehttp 11538 123145312813056 "GET /uploads/2016/10/04/Unknown HTTP/1.1" 304 0
INFO 2016-10-06 06:34:54,557 basehttp 11538 123145312813056 "GET /photos/ HTTP/1.1" 200 2141
WARNING 2016-10-06 06:34:55,280 basehttp 11538 123145312813056 "GET / HTTP/1.1" 404 2378
WARNING 2016-10-06 06:34:56,982 basehttp 11538 123145312813056 "GET / HTTP/1.1" 404 2378
INFO 2016-10-06 06:34:58,115 basehttp 11538 123145312813056 "GET /login/ HTTP/1.1" 200 490
INFO 2016-10-06 06:34:58,569 basehttp 11538 123145312813056 "GET /login/ HTTP/1.1" 200 490
INFO 2016-10-06 06:35:08,137 basehttp 11538 123145312813056 "POST /login/ HTTP/1.1" 302 0
INFO 2016-10-06 06:35:08,169 basehttp 11538 123145312813056 "GET /photos/ HTTP/1.1" 200 2141
INFO 2016-10-06 06:35:11,039 basehttp 11538 123145312813056 "GET /photos/posts/29/ HTTP/1.1" 200 1088
INFO 2016-10-06 06:35:12,592 basehttp 11538 123145312813056 "GET /photos/posts/29/add_like/ HTTP/1.1" 200 335
INFO 2016-10-06 06:35:16,279 basehttp 11538 123145312813056 "GET /photos/posts/29/ HTTP/1.1" 200 1088
INFO 2016-10-06 06:35:18,377 basehttp 11538 123145312813056 "GET /photos/ HTTP/1.1" 200 2141
